<?xml version="1.0" encoding="UTF-8"?>
<Site BuildName="Win32-mingw32-make"
	BuildStamp="20220530-1111-Experimental"
	Name="xuefeng.cai"
	Generator="ctest-3.23.0-rc1"
	CompilerName="D:/Software/mingw64/bin/g++.exe"
	CompilerVersion="8.1.0"
	OSName="Windows"
	Hostname="xuefeng.cai"
	OSRelease=" Professional"
	OSVersion=" (Build 18363)"
	OSPlatform="AMD64"
	Is64Bits="1"
	VendorString="GenuineIntel"
	VendorID="Intel Corporation"
	FamilyID="6"
	ModelID="14"
	ProcessorCacheSize="-1"
	NumberOfLogicalCPU="8"
	NumberOfPhysicalCPU="4"
	TotalVirtualMemory="19850"
	TotalPhysicalMemory="8074"
	LogicalProcessorsPerPhysical="2"
	ProcessorClockFrequency="2904"
	>
	<Testing>
		<StartDateTime>May 30 19:23 ?D1[NON-UTF-8-BYTE-0xA8][NON-UTF-8-BYTE-0xB2][NON-UTF-8-BYTE-0xA1][NON-UTF-8-BYTE-0xC0][NON-UTF-8-BYTE-0xA8][NON-UTF-8-BYTE-0xBA][NON-UTF-8-BYTE-0xA1][NON-UTF-8-BYTE-0xC1]?[NON-UTF-8-BYTE-0xA8][NON-UTF-8-BYTE-0xBA][NON-UTF-8-BYTE-0xA1][NON-UTF-8-BYTE-0xC0]??</StartDateTime>
		<StartTestTime>1653909798</StartTestTime>
		<TestList/>
		<EndDateTime>May 30 19:23 ?D1[NON-UTF-8-BYTE-0xA8][NON-UTF-8-BYTE-0xB2][NON-UTF-8-BYTE-0xA1][NON-UTF-8-BYTE-0xC0][NON-UTF-8-BYTE-0xA8][NON-UTF-8-BYTE-0xBA][NON-UTF-8-BYTE-0xA1][NON-UTF-8-BYTE-0xC1]?[NON-UTF-8-BYTE-0xA8][NON-UTF-8-BYTE-0xBA][NON-UTF-8-BYTE-0xA1][NON-UTF-8-BYTE-0xC0]??</EndDateTime>
		<EndTestTime>1653909798</EndTestTime>
		<ElapsedMinutes>0</ElapsedMinutes>
	</Testing>
</Site>
